<?xml version="1.0" encoding="UTF-8"?>
<!-- Generated by org.testng.reporters.JUnitReportReporter -->
<testsuite hostname="LAPTOP-3VNJ0AM7" failures="0" tests="1" name="retfulBooker.BookerRestfulAPIs" time="2.932" errors="0" timestamp="2025-08-23T21:13:27 IST" skipped="0">
  <testcase classname="retfulBooker.BookerRestfulAPIs" name="GetBookingIds" time="2.932"/>
</testsuite> <!-- retfulBooker.BookerRestfulAPIs -->
