<?xml version="1.0" encoding="UTF-8"?>
<!-- Generated by org.testng.reporters.JUnitReportReporter -->
<testsuite hostname="LAPTOP-3VNJ0AM7" failures="0" tests="1" name="restfulBooker.BookerRestfulAPIs" time="2.732" errors="0" timestamp="2025-08-23T21:23:51 IST" skipped="0">
  <testcase classname="restfulBooker.BookerRestfulAPIs" name="GetBookingIdByName" time="2.732"/>
</testsuite> <!-- restfulBooker.BookerRestfulAPIs -->
