<?xml version="1.0" encoding="UTF-8"?>
<!-- Generated by org.testng.reporters.JUnitReportReporter -->
<testsuite hostname="LAPTOP-3VNJ0AM7" failures="0" tests="1" name="Day1.HTTPRequests" time="2.333" errors="0" timestamp="2025-08-23T21:01:30 IST" skipped="0">
  <testcase classname="Day1.HTTPRequests" name="getUsers" time="2.333"/>
</testsuite> <!-- Day1.HTTPRequests -->
